Info: Stopping and removing existing container and image
Info: Installing dependencies
Scope: all 43 workspace projects
Lockfile is up to date, resolution step is skipped
Already up to date

. postinstall$ pnpm -r run stub --if-present
. postinstall: Scope: 42 of 43 workspace projects
. postinstall: internal/lint-configs/eslint-config stub$ pnpm unbuild --stub --if-present
. postinstall: internal/node-utils stub$ pnpm unbuild --stub --if-present
. postinstall: internal/tailwind-config stub$ pnpm unbuild --if-present
. postinstall: packages/@core/base/shared stub$ pnpm unbuild --stub --if-present
. postinstall: internal/node-utils stub: ℹ Stubbing node-utils
. postinstall: internal/node-utils stub: ℹ Cleaning dist directory: ./dist
. postinstall: packages/@core/base/shared stub: ℹ Stubbing shared
. postinstall: packages/@core/base/shared stub: ℹ Cleaning dist directory: ./dist
. postinstall: internal/lint-configs/eslint-config stub: ℹ Stubbing eslint-config
. postinstall: internal/lint-configs/eslint-config stub: ℹ Cleaning dist directory: ./dist
. postinstall: internal/tailwind-config stub: ℹ Building tailwind-config
. postinstall: internal/tailwind-config stub: ℹ Cleaning dist directory: ./dist
. postinstall: internal/lint-configs/eslint-config stub: Done
. postinstall: internal/node-utils stub: Done
. postinstall: packages/@core/base/shared stub: Done
. postinstall: internal/tailwind-config stub: ✔ Build succeeded for tailwind-config
. postinstall: internal/tailwind-config stub:   dist/postcss.config.cjs (total size: 8.87 kB, chunk size: 751 B, exports: default)
. postinstall: internal/tailwind-config stub:   └─ dist/index.cjs (8.12 kB)
. postinstall: internal/tailwind-config stub:   dist/index.cjs (total size: 8.12 kB, chunk size: 8.12 kB, exports: default)
. postinstall: internal/tailwind-config stub:   dist/postcss.config.mjs (total size: 8.37 kB, chunk size: 718 B, exports: default)
. postinstall: internal/tailwind-config stub:   └─ dist/index.mjs (7.65 kB)
. postinstall: internal/tailwind-config stub:   dist/index.mjs (total size: 7.65 kB, chunk size: 7.65 kB, exports: default)
. postinstall: internal/tailwind-config stub: Σ Total dist size (byte size): 18.9 kB
. postinstall: internal/tailwind-config stub: Done
. postinstall: internal/vite-config stub$ pnpm unbuild --stub --if-present
. postinstall: scripts/turbo-run stub$ pnpm unbuild --stub --if-present
. postinstall: scripts/vsh stub$ pnpm unbuild --stub --if-present
. postinstall: scripts/turbo-run stub: ℹ Stubbing turbo-run
. postinstall: scripts/turbo-run stub: ℹ Cleaning dist directory: ./dist
. postinstall: internal/vite-config stub: ℹ Stubbing vite-config
. postinstall: scripts/vsh stub: ℹ Stubbing vsh
. postinstall: internal/vite-config stub: ℹ Cleaning dist directory: ./dist
. postinstall: scripts/vsh stub: ℹ Cleaning dist directory: ./dist
. postinstall: scripts/turbo-run stub: Done
. postinstall: scripts/vsh stub: Done
. postinstall: internal/vite-config stub: Done
. postinstall: Done
Done in 8.8s using pnpm v10.10.0
Info: Building docker image
#0 building with "desktop-linux" instance using docker driver

#1 [internal] load build definition from Dockerfile
#1 transferring dockerfile: 904B done
#1 DONE 0.0s

#2 [internal] load metadata for docker.io/library/node:22-slim
#2 ...

#3 [internal] load metadata for docker.io/library/nginx:stable-alpine
#3 ERROR: unexpected status from HEAD request to https://9cpn8tt6.mirror.aliyuncs.com/v2/library/nginx/manifests/stable-alpine?ns=docker.io: 403 Forbidden

#2 [internal] load metadata for docker.io/library/node:22-slim
#2 ERROR: unexpected status from HEAD request to https://9cpn8tt6.mirror.aliyuncs.com/v2/library/node/manifests/22-slim?ns=docker.io: 403 Forbidden
------
 > [internal] load metadata for docker.io/library/nginx:stable-alpine:
------
------
 > [internal] load metadata for docker.io/library/node:22-slim:
------
Dockerfile:22
--------------------
  20 |     RUN echo "Builder Success 🎉"
  21 |     
  22 | >>> FROM nginx:stable-alpine AS production
  23 |     
  24 |     # 配置 nginx
--------------------
ERROR: failed to solve: nginx:stable-alpine: failed to resolve source metadata for docker.io/library/nginx:stable-alpine: unexpected status from HEAD request to https://9cpn8tt6.mirror.aliyuncs.com/v2/library/nginx/manifests/stable-alpine?ns=docker.io: 403 Forbidden

View build details: docker-desktop://dashboard/build/desktop-linux/desktop-linux/6eyuzyd5bs8d6xybv3ovipysh
